0 info it worked if it ends with ok
1 verbose cli [ 'C:\\Program Files\\nodejs\\node.exe',
1 verbose cli   'C:\\Users\\black\\AppData\\Roaming\\npm\\node_modules\\npm\\bin\\npm-cli.js',
1 verbose cli   'install',
1 verbose cli   'material-design-icons' ]
2 info using npm@3.8.8
3 info using node@v5.10.1
4 silly loadCurrentTree Starting
5 silly install loadCurrentTree
6 silly install readLocalPackageData
7 silly fetchPackageMetaData material-design-icons
8 silly fetchNamedPackageData material-design-icons
9 silly mapToRegistry name material-design-icons
10 silly mapToRegistry using default registry
11 silly mapToRegistry registry https://registry.npmjs.org/
12 silly mapToRegistry data Result {
12 silly mapToRegistry   raw: 'material-design-icons',
12 silly mapToRegistry   scope: null,
12 silly mapToRegistry   name: 'material-design-icons',
12 silly mapToRegistry   rawSpec: '',
12 silly mapToRegistry   spec: 'latest',
12 silly mapToRegistry   type: 'tag' }
13 silly mapToRegistry uri https://registry.npmjs.org/material-design-icons
14 verbose request uri https://registry.npmjs.org/material-design-icons
15 verbose request no auth needed
16 info attempt registry request try #1 at 10:46:30 PM
17 verbose request id 7b407880b2f4aa15
18 http request GET https://registry.npmjs.org/material-design-icons
19 http 200 https://registry.npmjs.org/material-design-icons
20 verbose headers { server: 'CouchDB/1.5.0 (Erlang OTP/R16B03)',
20 verbose headers   etag: '"6LERXULW955RYBUHYKV8ML6QX"',
20 verbose headers   'content-type': 'application/json',
20 verbose headers   'content-encoding': 'gzip',
20 verbose headers   'cache-control': 'max-age=300',
20 verbose headers   'content-length': '3443',
20 verbose headers   'accept-ranges': 'bytes',
20 verbose headers   date: 'Mon, 23 May 2016 04:46:38 GMT',
20 verbose headers   via: '1.1 varnish',
20 verbose headers   age: '0',
20 verbose headers   connection: 'keep-alive',
20 verbose headers   'x-served-by': 'cache-jfk1022-JFK',
20 verbose headers   'x-cache': 'MISS',
20 verbose headers   'x-cache-hits': '0',
20 verbose headers   'x-timer': 'S1463978798.461134,VS0,VE18',
20 verbose headers   vary: 'Accept-Encoding' }
21 silly get cb [ 200,
21 silly get   { server: 'CouchDB/1.5.0 (Erlang OTP/R16B03)',
21 silly get     etag: '"6LERXULW955RYBUHYKV8ML6QX"',
21 silly get     'content-type': 'application/json',
21 silly get     'content-encoding': 'gzip',
21 silly get     'cache-control': 'max-age=300',
21 silly get     'content-length': '3443',
21 silly get     'accept-ranges': 'bytes',
21 silly get     date: 'Mon, 23 May 2016 04:46:38 GMT',
21 silly get     via: '1.1 varnish',
21 silly get     age: '0',
21 silly get     connection: 'keep-alive',
21 silly get     'x-served-by': 'cache-jfk1022-JFK',
21 silly get     'x-cache': 'MISS',
21 silly get     'x-cache-hits': '0',
21 silly get     'x-timer': 'S1463978798.461134,VS0,VE18',
21 silly get     vary: 'Accept-Encoding' } ]
22 verbose get saving material-design-icons to C:\Users\black\AppData\Roaming\npm-cache\registry.npmjs.org\material-design-icons\.cache.json
23 verbose correctMkdir C:\Users\black\AppData\Roaming\npm-cache correctMkdir not in flight; initializing
24 silly install normalizeTree
25 silly loadCurrentTree Finishing
26 silly loadIdealTree Starting
27 silly install loadIdealTree
28 silly cloneCurrentTree Starting
29 silly install cloneCurrentTreeToIdealTree
30 silly cloneCurrentTree Finishing
31 silly loadShrinkwrap Starting
32 silly install loadShrinkwrap
33 silly loadShrinkwrap Finishing
34 silly loadAllDepsIntoIdealTree Starting
35 silly install loadAllDepsIntoIdealTree
36 silly resolveWithNewModule material-design-icons@2.2.3 checking installable status
37 silly cache add args [ 'material-design-icons', null ]
38 verbose cache add spec material-design-icons
39 silly cache add parsed spec Result {
39 silly cache add   raw: 'material-design-icons',
39 silly cache add   scope: null,
39 silly cache add   name: 'material-design-icons',
39 silly cache add   rawSpec: '',
39 silly cache add   spec: 'latest',
39 silly cache add   type: 'tag' }
40 silly addNamed material-design-icons@latest
41 verbose addNamed "latest" is being treated as a dist-tag for material-design-icons
42 info addNameTag [ 'material-design-icons', 'latest' ]
43 silly mapToRegistry name material-design-icons
44 silly mapToRegistry using default registry
45 silly mapToRegistry registry https://registry.npmjs.org/
46 silly mapToRegistry data Result {
46 silly mapToRegistry   raw: 'material-design-icons',
46 silly mapToRegistry   scope: null,
46 silly mapToRegistry   name: 'material-design-icons',
46 silly mapToRegistry   rawSpec: '',
46 silly mapToRegistry   spec: 'latest',
46 silly mapToRegistry   type: 'tag' }
47 silly mapToRegistry uri https://registry.npmjs.org/material-design-icons
48 verbose addNameTag registry:https://registry.npmjs.org/material-design-icons not in flight; fetching
49 verbose get https://registry.npmjs.org/material-design-icons not expired, no request
50 silly addNameTag next cb for material-design-icons with tag latest
51 silly addNamed material-design-icons@2.2.3
52 verbose addNamed "2.2.3" is a plain semver version for material-design-icons
53 silly mapToRegistry name material-design-icons
54 silly mapToRegistry using default registry
55 silly mapToRegistry registry https://registry.npmjs.org/
56 silly mapToRegistry data Result {
56 silly mapToRegistry   raw: 'material-design-icons',
56 silly mapToRegistry   scope: null,
56 silly mapToRegistry   name: 'material-design-icons',
56 silly mapToRegistry   rawSpec: '',
56 silly mapToRegistry   spec: 'latest',
56 silly mapToRegistry   type: 'tag' }
57 silly mapToRegistry uri https://registry.npmjs.org/material-design-icons
58 verbose addRemoteTarball https://registry.npmjs.org/material-design-icons/-/material-design-icons-2.2.3.tgz not in flight; adding
59 verbose addRemoteTarball [ 'https://registry.npmjs.org/material-design-icons/-/material-design-icons-2.2.3.tgz',
59 verbose addRemoteTarball   'b6817364a7803b0509a8002305b7fe201b0fda9f' ]
60 info retry fetch attempt 1 at 10:46:37 PM
61 info attempt registry request try #1 at 10:46:37 PM
62 http fetch GET https://registry.npmjs.org/material-design-icons/-/material-design-icons-2.2.3.tgz
63 http fetch 200 https://registry.npmjs.org/material-design-icons/-/material-design-icons-2.2.3.tgz
64 info retry will retry, error on last attempt: Error: read ECONNRESET
65 info retry will retry, error on last attempt: Error: read ECONNRESET
66 silly fetchAndShaCheck shasum b6817364a7803b0509a8002305b7fe201b0fda9f
67 silly rollbackFailedOptional Starting
68 silly rollbackFailedOptional Finishing
69 silly runTopLevelLifecycles Starting
70 silly runTopLevelLifecycles Finishing
71 silly install printInstalled
72 verbose stack Error: shasum check failed for C:\Users\black\AppData\Local\Temp\npm-16860-6cddce28\registry.npmjs.org\material-design-icons\-\material-design-icons-2.2.3.tgz
72 verbose stack Expected: b6817364a7803b0509a8002305b7fe201b0fda9f
72 verbose stack Actual:   2f22337ca971f00eae10b4adf0c16d13fd43c9f4
72 verbose stack From:     https://registry.npmjs.org/material-design-icons/-/material-design-icons-2.2.3.tgz
72 verbose stack     at C:\Users\black\AppData\Roaming\npm\node_modules\npm\node_modules\sha\index.js:25:8
72 verbose stack     at ReadStream.<anonymous> (C:\Users\black\AppData\Roaming\npm\node_modules\npm\node_modules\sha\index.js:72:7)
72 verbose stack     at emitNone (events.js:85:20)
72 verbose stack     at ReadStream.emit (events.js:179:7)
72 verbose stack     at endReadableNT (_stream_readable.js:913:12)
72 verbose stack     at _combinedTickCallback (internal/process/next_tick.js:74:11)
72 verbose stack     at process._tickCallback (internal/process/next_tick.js:98:9)
73 verbose cwd C:\Users\black\Documents\GitHub\PROGRAIV\Games\angular-scaffold-frontend
74 error Windows_NT 10.0.10586
75 error argv "C:\\Program Files\\nodejs\\node.exe" "C:\\Users\\black\\AppData\\Roaming\\npm\\node_modules\\npm\\bin\\npm-cli.js" "install" "material-design-icons"
76 error node v5.10.1
77 error npm  v3.8.8
78 error shasum check failed for C:\Users\black\AppData\Local\Temp\npm-16860-6cddce28\registry.npmjs.org\material-design-icons\-\material-design-icons-2.2.3.tgz
78 error Expected: b6817364a7803b0509a8002305b7fe201b0fda9f
78 error Actual:   2f22337ca971f00eae10b4adf0c16d13fd43c9f4
78 error From:     https://registry.npmjs.org/material-design-icons/-/material-design-icons-2.2.3.tgz
79 error If you need help, you may report this error at:
79 error     <https://github.com/npm/npm/issues>
80 verbose exit [ 1, true ]
